{"/Users/adandelarosalugo/workspace/EOI_typescript-jest/src/User.ts": {"path":"/Users/adandelarosalugo/workspace/EOI_typescript-jest/src/User.ts","statementMap":{"0":{"start":{"line":2,"column":0},"end":{"line":2,"column":62}},"1":{"start":{"line":3,"column":0},"end":{"line":3,"column":22}},"2":{"start":{"line":8,"column":8},"end":{"line":8,"column":26}},"3":{"start":{"line":11,"column":8},"end":{"line":11,"column":26}},"4":{"start":{"line":14,"column":8},"end":{"line":14,"column":29}},"5":{"start":{"line":17,"column":8},"end":{"line":17,"column":32}},"6":{"start":{"line":20,"column":8},"end":{"line":20,"column":25}},"7":{"start":{"line":23,"column":8},"end":{"line":23,"column":24}},"8":{"start":{"line":26,"column":8},"end":{"line":26,"column":27}},"9":{"start":{"line":29,"column":8},"end":{"line":29,"column":28}},"10":{"start":{"line":32,"column":8},"end":{"line":32,"column":36}},"11":{"start":{"line":35,"column":8},"end":{"line":35,"column":46}},"12":{"start":{"line":38,"column":8},"end":{"line":38,"column":46}},"13":{"start":{"line":41,"column":8},"end":{"line":46,"column":9}},"14":{"start":{"line":42,"column":26},"end":{"line":42,"column":50}},"15":{"start":{"line":43,"column":12},"end":{"line":45,"column":13}},"16":{"start":{"line":44,"column":16},"end":{"line":44,"column":29}},"17":{"start":{"line":47,"column":8},"end":{"line":47,"column":20}},"18":{"start":{"line":50,"column":0},"end":{"line":50,"column":20}}},"fnMap":{"0":{"name":"(anonymous_0)","decl":{"start":{"line":5,"column":4},"end":{"line":5,"column":5}},"loc":{"start":{"line":5,"column":18},"end":{"line":6,"column":5}},"line":5},"1":{"name":"(anonymous_1)","decl":{"start":{"line":7,"column":4},"end":{"line":7,"column":5}},"loc":{"start":{"line":7,"column":15},"end":{"line":9,"column":5}},"line":7},"2":{"name":"(anonymous_2)","decl":{"start":{"line":10,"column":4},"end":{"line":10,"column":5}},"loc":{"start":{"line":10,"column":19},"end":{"line":12,"column":5}},"line":10},"3":{"name":"(anonymous_3)","decl":{"start":{"line":13,"column":4},"end":{"line":13,"column":5}},"loc":{"start":{"line":13,"column":18},"end":{"line":15,"column":5}},"line":13},"4":{"name":"(anonymous_4)","decl":{"start":{"line":16,"column":4},"end":{"line":16,"column":5}},"loc":{"start":{"line":16,"column":25},"end":{"line":18,"column":5}},"line":16},"5":{"name":"(anonymous_5)","decl":{"start":{"line":19,"column":4},"end":{"line":19,"column":5}},"loc":{"start":{"line":19,"column":14},"end":{"line":21,"column":5}},"line":19},"6":{"name":"(anonymous_6)","decl":{"start":{"line":22,"column":4},"end":{"line":22,"column":5}},"loc":{"start":{"line":22,"column":17},"end":{"line":24,"column":5}},"line":22},"7":{"name":"(anonymous_7)","decl":{"start":{"line":25,"column":4},"end":{"line":25,"column":5}},"loc":{"start":{"line":25,"column":16},"end":{"line":27,"column":5}},"line":25},"8":{"name":"(anonymous_8)","decl":{"start":{"line":28,"column":4},"end":{"line":28,"column":5}},"loc":{"start":{"line":28,"column":21},"end":{"line":30,"column":5}},"line":28},"9":{"name":"(anonymous_9)","decl":{"start":{"line":31,"column":4},"end":{"line":31,"column":5}},"loc":{"start":{"line":31,"column":25},"end":{"line":33,"column":5}},"line":31},"10":{"name":"(anonymous_10)","decl":{"start":{"line":34,"column":4},"end":{"line":34,"column":5}},"loc":{"start":{"line":34,"column":39},"end":{"line":36,"column":5}},"line":34},"11":{"name":"(anonymous_11)","decl":{"start":{"line":37,"column":4},"end":{"line":37,"column":5}},"loc":{"start":{"line":37,"column":18},"end":{"line":39,"column":5}},"line":37},"12":{"name":"(anonymous_12)","decl":{"start":{"line":40,"column":4},"end":{"line":40,"column":5}},"loc":{"start":{"line":40,"column":20},"end":{"line":48,"column":5}},"line":40}},"branchMap":{"0":{"loc":{"start":{"line":41,"column":8},"end":{"line":46,"column":9}},"type":"if","locations":[{"start":{"line":41,"column":8},"end":{"line":46,"column":9}},{"start":{},"end":{}}],"line":41},"1":{"loc":{"start":{"line":43,"column":12},"end":{"line":45,"column":13}},"type":"if","locations":[{"start":{"line":43,"column":12},"end":{"line":45,"column":13}},{"start":{},"end":{}}],"line":43}},"s":{"0":1,"1":1,"2":0,"3":2,"4":0,"5":2,"6":0,"7":2,"8":2,"9":3,"10":0,"11":2,"12":0,"13":1,"14":1,"15":1,"16":0,"17":1,"18":1},"f":{"0":3,"1":0,"2":2,"3":0,"4":2,"5":0,"6":2,"7":2,"8":3,"9":0,"10":2,"11":0,"12":1},"b":{"0":[1,0],"1":[0,1]},"_coverageSchema":"1a1c01bbd47fc00a2c39e90264f33305004495a9","hash":"b15c5bb34d8ed6cc57716b03499b552f463abad5"}
,"/Users/adandelarosalugo/workspace/EOI_typescript-jest/src/exclamator.ts": {"path":"/Users/adandelarosalugo/workspace/EOI_typescript-jest/src/exclamator.ts","statementMap":{"0":{"start":{"line":2,"column":0},"end":{"line":2,"column":62}},"1":{"start":{"line":3,"column":0},"end":{"line":3,"column":36}},"2":{"start":{"line":4,"column":19},"end":{"line":4,"column":40}},"3":{"start":{"line":12,"column":27},"end":{"line":54,"column":1}},"4":{"start":{"line":13,"column":23},"end":{"line":13,"column":64}},"5":{"start":{"line":14,"column":4},"end":{"line":20,"column":5}},"6":{"start":{"line":15,"column":8},"end":{"line":19,"column":10}},"7":{"start":{"line":21,"column":4},"end":{"line":27,"column":5}},"8":{"start":{"line":22,"column":8},"end":{"line":26,"column":10}},"9":{"start":{"line":28,"column":4},"end":{"line":34,"column":5}},"10":{"start":{"line":29,"column":8},"end":{"line":33,"column":10}},"11":{"start":{"line":35,"column":4},"end":{"line":41,"column":5}},"12":{"start":{"line":36,"column":8},"end":{"line":40,"column":10}},"13":{"start":{"line":42,"column":4},"end":{"line":49,"column":5}},"14":{"start":{"line":43,"column":8},"end":{"line":48,"column":10}},"15":{"start":{"line":50,"column":4},"end":{"line":53,"column":6}},"16":{"start":{"line":55,"column":0},"end":{"line":55,"column":48}}},"fnMap":{"0":{"name":"(anonymous_0)","decl":{"start":{"line":12,"column":27},"end":{"line":12,"column":28}},"loc":{"start":{"line":12,"column":41},"end":{"line":54,"column":1}},"line":12}},"branchMap":{"0":{"loc":{"start":{"line":14,"column":4},"end":{"line":20,"column":5}},"type":"if","locations":[{"start":{"line":14,"column":4},"end":{"line":20,"column":5}},{"start":{},"end":{}}],"line":14},"1":{"loc":{"start":{"line":14,"column":8},"end":{"line":14,"column":44}},"type":"binary-expr","locations":[{"start":{"line":14,"column":8},"end":{"line":14,"column":24}},{"start":{"line":14,"column":28},"end":{"line":14,"column":44}}],"line":14},"2":{"loc":{"start":{"line":21,"column":4},"end":{"line":27,"column":5}},"type":"if","locations":[{"start":{"line":21,"column":4},"end":{"line":27,"column":5}},{"start":{},"end":{}}],"line":21},"3":{"loc":{"start":{"line":21,"column":8},"end":{"line":21,"column":46}},"type":"binary-expr","locations":[{"start":{"line":21,"column":8},"end":{"line":21,"column":25}},{"start":{"line":21,"column":29},"end":{"line":21,"column":46}}],"line":21},"4":{"loc":{"start":{"line":28,"column":4},"end":{"line":34,"column":5}},"type":"if","locations":[{"start":{"line":28,"column":4},"end":{"line":34,"column":5}},{"start":{},"end":{}}],"line":28},"5":{"loc":{"start":{"line":28,"column":8},"end":{"line":28,"column":46}},"type":"binary-expr","locations":[{"start":{"line":28,"column":8},"end":{"line":28,"column":25}},{"start":{"line":28,"column":29},"end":{"line":28,"column":46}}],"line":28},"6":{"loc":{"start":{"line":35,"column":4},"end":{"line":41,"column":5}},"type":"if","locations":[{"start":{"line":35,"column":4},"end":{"line":41,"column":5}},{"start":{},"end":{}}],"line":35},"7":{"loc":{"start":{"line":35,"column":8},"end":{"line":35,"column":46}},"type":"binary-expr","locations":[{"start":{"line":35,"column":8},"end":{"line":35,"column":25}},{"start":{"line":35,"column":29},"end":{"line":35,"column":46}}],"line":35},"8":{"loc":{"start":{"line":42,"column":4},"end":{"line":49,"column":5}},"type":"if","locations":[{"start":{"line":42,"column":4},"end":{"line":49,"column":5}},{"start":{},"end":{}}],"line":42}},"s":{"0":1,"1":1,"2":1,"3":1,"4":2,"5":2,"6":1,"7":1,"8":1,"9":0,"10":0,"11":0,"12":0,"13":0,"14":0,"15":0,"16":1},"f":{"0":2},"b":{"0":[1,1],"1":[2,2],"2":[1,0],"3":[1,1],"4":[0,0],"5":[0,0],"6":[0,0],"7":[0,0],"8":[0,0]},"_coverageSchema":"1a1c01bbd47fc00a2c39e90264f33305004495a9","hash":"b07a5f30100a673fb388c0c26a64b7be9f455b92"}
,"/Users/adandelarosalugo/workspace/EOI_typescript-jest/src/fibonacci.ts": {"path":"/Users/adandelarosalugo/workspace/EOI_typescript-jest/src/fibonacci.ts","statementMap":{"0":{"start":{"line":2,"column":0},"end":{"line":2,"column":62}},"1":{"start":{"line":3,"column":0},"end":{"line":3,"column":28}},"2":{"start":{"line":4,"column":22},"end":{"line":10,"column":1}},"3":{"start":{"line":5,"column":17},"end":{"line":5,"column":18}},"4":{"start":{"line":6,"column":4},"end":{"line":8,"column":5}},"5":{"start":{"line":6,"column":17},"end":{"line":6,"column":40}},"6":{"start":{"line":7,"column":8},"end":{"line":7,"column":34}},"7":{"start":{"line":9,"column":4},"end":{"line":9,"column":18}},"8":{"start":{"line":11,"column":21},"end":{"line":18,"column":1}},"9":{"start":{"line":12,"column":4},"end":{"line":13,"column":18}},"10":{"start":{"line":13,"column":8},"end":{"line":13,"column":18}},"11":{"start":{"line":14,"column":17},"end":{"line":14,"column":19}},"12":{"start":{"line":15,"column":4},"end":{"line":16,"column":36}},"13":{"start":{"line":15,"column":17},"end":{"line":15,"column":18}},"14":{"start":{"line":16,"column":8},"end":{"line":16,"column":36}},"15":{"start":{"line":17,"column":4},"end":{"line":17,"column":18}},"16":{"start":{"line":20,"column":28},"end":{"line":20,"column":46}},"17":{"start":{"line":21,"column":4},"end":{"line":21,"column":22}},"18":{"start":{"line":22,"column":4},"end":{"line":23,"column":44}},"19":{"start":{"line":23,"column":8},"end":{"line":23,"column":44}},"20":{"start":{"line":24,"column":4},"end":{"line":29,"column":5}},"21":{"start":{"line":24,"column":17},"end":{"line":24,"column":18}},"22":{"start":{"line":25,"column":8},"end":{"line":28,"column":9}},"23":{"start":{"line":26,"column":23},"end":{"line":26,"column":66}},"24":{"start":{"line":27,"column":12},"end":{"line":27,"column":35}},"25":{"start":{"line":30,"column":4},"end":{"line":30,"column":23}},"26":{"start":{"line":32,"column":0},"end":{"line":32,"column":32}}},"fnMap":{"0":{"name":"(anonymous_0)","decl":{"start":{"line":4,"column":22},"end":{"line":4,"column":23}},"loc":{"start":{"line":4,"column":51},"end":{"line":10,"column":1}},"line":4},"1":{"name":"(anonymous_1)","decl":{"start":{"line":11,"column":21},"end":{"line":11,"column":22}},"loc":{"start":{"line":11,"column":49},"end":{"line":18,"column":1}},"line":11},"2":{"name":"tribonacci","decl":{"start":{"line":19,"column":9},"end":{"line":19,"column":19}},"loc":{"start":{"line":19,"column":36},"end":{"line":31,"column":1}},"line":19}},"branchMap":{"0":{"loc":{"start":{"line":12,"column":4},"end":{"line":13,"column":18}},"type":"if","locations":[{"start":{"line":12,"column":4},"end":{"line":13,"column":18}},{"start":{},"end":{}}],"line":12},"1":{"loc":{"start":{"line":22,"column":4},"end":{"line":23,"column":44}},"type":"if","locations":[{"start":{"line":22,"column":4},"end":{"line":23,"column":44}},{"start":{},"end":{}}],"line":22},"2":{"loc":{"start":{"line":25,"column":8},"end":{"line":28,"column":9}},"type":"if","locations":[{"start":{"line":25,"column":8},"end":{"line":28,"column":9}},{"start":{},"end":{}}],"line":25}},"s":{"0":1,"1":1,"2":1,"3":76,"4":76,"5":76,"6":228,"7":76,"8":1,"9":5,"10":2,"11":3,"12":3,"13":3,"14":6,"15":3,"16":15,"17":15,"18":15,"19":5,"20":10,"21":10,"22":106,"23":76,"24":76,"25":10,"26":1},"f":{"0":76,"1":5,"2":15},"b":{"0":[2,3],"1":[5,10],"2":[76,30]},"_coverageSchema":"1a1c01bbd47fc00a2c39e90264f33305004495a9","hash":"41f7d5f9e8faffb51daa9483b3929769224cb0ef"}
,"/Users/adandelarosalugo/workspace/EOI_typescript-jest/src/math-operators.ts": {"path":"/Users/adandelarosalugo/workspace/EOI_typescript-jest/src/math-operators.ts","statementMap":{"0":{"start":{"line":2,"column":0},"end":{"line":2,"column":62}},"1":{"start":{"line":3,"column":0},"end":{"line":3,"column":68}},"2":{"start":{"line":5,"column":4},"end":{"line":5,"column":17}},"3":{"start":{"line":7,"column":0},"end":{"line":7,"column":18}},"4":{"start":{"line":9,"column":4},"end":{"line":9,"column":17}},"5":{"start":{"line":11,"column":0},"end":{"line":11,"column":18}},"6":{"start":{"line":13,"column":4},"end":{"line":13,"column":17}},"7":{"start":{"line":15,"column":0},"end":{"line":15,"column":28}},"8":{"start":{"line":17,"column":4},"end":{"line":17,"column":17}},"9":{"start":{"line":19,"column":0},"end":{"line":19,"column":18}}},"fnMap":{"0":{"name":"sum","decl":{"start":{"line":4,"column":9},"end":{"line":4,"column":12}},"loc":{"start":{"line":4,"column":19},"end":{"line":6,"column":1}},"line":4},"1":{"name":"sub","decl":{"start":{"line":8,"column":9},"end":{"line":8,"column":12}},"loc":{"start":{"line":8,"column":19},"end":{"line":10,"column":1}},"line":8},"2":{"name":"multiply","decl":{"start":{"line":12,"column":9},"end":{"line":12,"column":17}},"loc":{"start":{"line":12,"column":24},"end":{"line":14,"column":1}},"line":12},"3":{"name":"div","decl":{"start":{"line":16,"column":9},"end":{"line":16,"column":12}},"loc":{"start":{"line":16,"column":19},"end":{"line":18,"column":1}},"line":16}},"branchMap":{},"s":{"0":1,"1":1,"2":4,"3":1,"4":1,"5":1,"6":1,"7":1,"8":1,"9":1},"f":{"0":4,"1":1,"2":1,"3":1},"b":{},"_coverageSchema":"1a1c01bbd47fc00a2c39e90264f33305004495a9","hash":"1457335966f4e806533f11a4e9ba77bb9a5ed2f1"}
}
