TN:
SF:src/User.ts
FN:5,(anonymous_0)
FN:7,(anonymous_1)
FN:10,(anonymous_2)
FN:13,(anonymous_3)
FN:16,(anonymous_4)
FN:19,(anonymous_5)
FN:22,(anonymous_6)
FN:25,(anonymous_7)
FN:28,(anonymous_8)
FN:31,(anonymous_9)
FN:34,(anonymous_10)
FN:37,(anonymous_11)
FN:40,(anonymous_12)
FNF:13
FNH:8
FNDA:3,(anonymous_0)
FNDA:0,(anonymous_1)
FNDA:2,(anonymous_2)
FNDA:0,(anonymous_3)
FNDA:2,(anonymous_4)
FNDA:0,(anonymous_5)
FNDA:2,(anonymous_6)
FNDA:2,(anonymous_7)
FNDA:3,(anonymous_8)
FNDA:0,(anonymous_9)
FNDA:2,(anonymous_10)
FNDA:0,(anonymous_11)
FNDA:1,(anonymous_12)
DA:2,1
DA:3,1
DA:8,0
DA:11,2
DA:14,0
DA:17,2
DA:20,0
DA:23,2
DA:26,2
DA:29,3
DA:32,0
DA:35,2
DA:38,0
DA:41,1
DA:42,1
DA:43,1
DA:44,0
DA:47,1
DA:50,1
LF:19
LH:13
BRDA:41,0,0,1
BRDA:41,0,1,0
BRDA:43,1,0,0
BRDA:43,1,1,1
BRF:4
BRH:2
end_of_record
TN:
SF:src/exclamator.ts
FN:12,(anonymous_0)
FNF:1
FNH:1
FNDA:2,(anonymous_0)
DA:2,1
DA:3,1
DA:4,1
DA:12,1
DA:13,2
DA:14,2
DA:15,1
DA:21,1
DA:22,1
DA:28,0
DA:29,0
DA:35,0
DA:36,0
DA:42,0
DA:43,0
DA:50,0
DA:55,1
LF:17
LH:10
BRDA:14,0,0,1
BRDA:14,0,1,1
BRDA:14,1,0,2
BRDA:14,1,1,2
BRDA:21,2,0,1
BRDA:21,2,1,0
BRDA:21,3,0,1
BRDA:21,3,1,1
BRDA:28,4,0,0
BRDA:28,4,1,0
BRDA:28,5,0,0
BRDA:28,5,1,0
BRDA:35,6,0,0
BRDA:35,6,1,0
BRDA:35,7,0,0
BRDA:35,7,1,0
BRDA:42,8,0,0
BRDA:42,8,1,0
BRF:18
BRH:7
end_of_record
TN:
SF:src/fibonacci.ts
FN:4,(anonymous_0)
FN:11,(anonymous_1)
FN:19,tribonacci
FNF:3
FNH:3
FNDA:76,(anonymous_0)
FNDA:5,(anonymous_1)
FNDA:15,tribonacci
DA:2,1
DA:3,1
DA:4,1
DA:5,76
DA:6,76
DA:7,228
DA:9,76
DA:11,1
DA:12,5
DA:13,2
DA:14,3
DA:15,3
DA:16,6
DA:17,3
DA:20,15
DA:21,15
DA:22,15
DA:23,5
DA:24,10
DA:25,106
DA:26,76
DA:27,76
DA:30,10
DA:32,1
LF:24
LH:24
BRDA:12,0,0,2
BRDA:12,0,1,3
BRDA:22,1,0,5
BRDA:22,1,1,10
BRDA:25,2,0,76
BRDA:25,2,1,30
BRF:6
BRH:6
end_of_record
TN:
SF:src/math-operators.ts
FN:4,sum
FN:8,sub
FN:12,multiply
FN:16,div
FNF:4
FNH:4
FNDA:4,sum
FNDA:1,sub
FNDA:1,multiply
FNDA:1,div
DA:2,1
DA:3,1
DA:5,4
DA:7,1
DA:9,1
DA:11,1
DA:13,1
DA:15,1
DA:17,1
DA:19,1
LF:10
LH:10
BRF:0
BRH:0
end_of_record
